  WorldScene.cpp
  WorldActor.cpp
  Tile.cpp
  res.cpp
  CustomScene.cpp
  Transition.cpp
  Scene.cpp
  flow.cpp
  main.cpp
  example.cpp
  ResFontFT.cpp
  Generating Code...
ResFontFT.obj : warning LNK4075: ignoring '/EDITANDCONTINUE' due to '/INCREMENTAL:NO' specification
  oxygine_d.lib(jerror.obj) : MSIL .netmodule or module compiled with /GL found; restarting link with /LTCG; add /LTCG to the link command line to improve linker performance
ResFontFT.obj : warning LNK4075: ignoring '/EDITANDCONTINUE' due to '/INCREMENTAL:NO' specification
LINK : warning LNK4098: defaultlib 'MSVCRT' conflicts with use of other libs; use /NODEFAULTLIB:library
LINK : warning LNK4098: defaultlib 'LIBCMT' conflicts with use of other libs; use /NODEFAULTLIB:library
  Generating code
  Finished generating code
  MyAwesomeGame.vcxproj -> H:\Github\exValide2\my_awesome_game\project\proj.win32\Debug_v141_xp\MainProject.exe
  MyAwesomeGame.vcxproj -> H:\Github\exValide2\my_awesome_game\project\proj.win32\Debug_v141_xp\MainProject.pdb (Partial PDB)
