  winnie_alloc.cpp
  system_alloc.cpp
  stringUtils.cpp
  ImageUtils.cpp
  AtlasTool.cpp
  TextBuilder.cpp
  Node.cpp
  Aligner.cpp
  SingleResAnim.cpp
  Resources.cpp
  Resource.cpp
  ResStarlingAtlas.cpp
  ResFontBM.cpp
  ResFont.cpp
  ResBuffer.cpp
  ResAtlasPrebuilt.cpp
  ResAtlasGeneric.cpp
  ResAtlas.cpp
  ResAnim.cpp
  CreateResourceContext.cpp
  Generating Code...
  Compiling...
  pugixml.cpp
  AffineTransform.cpp
  key.cpp
  jsoncpp.cpp
  TreeInspectorPreview.cpp
  TreeInspectorPage.cpp
  TreeInspectorLine.cpp
  TreeInspector.cpp
  TexturesInspector.cpp
  DeveloperMenu.cpp
  system_data.cpp
  oxygine.cpp
  log.cpp
h:\github\exvalide2\oxygine-framework\oxygine\src\core\log.cpp(47): warning C4244: 'return': conversion from 'int64' to 'int', possible loss of data
  oxgl.cpp
  VideoDriverGLES20.cpp
  VideoDriverGL.cpp
  VertexDeclarationGL.cpp
  ShaderProgramGL.cpp
  NativeTextureGLES.cpp
  file.cpp
  Generating Code...
  Compiling...
  HttpRequestCurlTask.cpp
  ZipFileSystem.cpp
  VideoDriver.cpp
  UberShaderProgram.cpp
  ThreadDispatcher.cpp
  Texture.cpp
  STDFileSystem.cpp
  Restorable.cpp
  Renderer.cpp
  Object.cpp
  NativeTexture.cpp
  Mutex.cpp
  Mem2Native.cpp
  ImageDataOperations.cpp
  ImageData.cpp
  FileSystem.cpp
  WebImage.cpp
  VisualStyle.cpp
  TweenQueue.cpp
  TweenOutline.cpp
  Generating Code...
  Compiling...
  TweenGlow.cpp
  TweenAnim.cpp
  TweenAlphaFade.cpp
  Tween.cpp
  ThreadLoader.cpp
  TextField.cpp
  Stage.cpp
  Sprite.cpp
  SlidingActor.cpp
  Serialize.cpp
  Serializable.cpp
  STDRenderer.cpp
  STDMaterial.cpp
  ProgressBar.cpp
  PostProcess.cpp
  Polygon.cpp
  PointerState.cpp
  Material.cpp
  MaskedSprite.cpp
  MaskedRenderer.cpp
  Generating Code...
  Compiling...
  InputText.cpp
  Input.cpp
  Image.cpp
  HttpRequestTask.cpp
  Font.cpp
  EventDispatcher.cpp
  Draggable.cpp
  DebugActor.cpp
  ColorRectSprite.cpp
  Clock.cpp
  ClipRectActor.cpp
  Button.cpp
  Box9Sprite.cpp
  AsyncTask.cpp
  AnimationFrame.cpp
  Actor.cpp
  Generating Code...
  cdecode.c
  unzip.c
  ioapi_mem.c
  ioapi.c
  Generating Code...
ws2_32.lib(WS2_32.dll) : warning LNK4006: __NULL_IMPORT_DESCRIPTOR already defined in libcurl_imp.lib(LIBCURL.dll); second definition ignored
ws2_32.lib(WS2_32.dll) : warning LNK4221: This object file does not define any previously undefined public symbols, so it will not be used by any link operation that consumes this library
  libjpeg-2015.lib(jaricom.obj) : MSIL .netmodule or module compiled with /GL found; restarting link with /LTCG; add /LTCG to the link command line to improve linker performance
ws2_32.lib(WS2_32.dll) : warning LNK4006: __NULL_IMPORT_DESCRIPTOR already defined in libcurl_imp.lib(LIBCURL.dll); second definition ignored
libzlib.lib(zlib.dll) : warning LNK4006: __NULL_IMPORT_DESCRIPTOR already defined in libcurl_imp.lib(LIBCURL.dll); second definition ignored
opengl32.lib(OPENGL32.dll) : warning LNK4006: __NULL_IMPORT_DESCRIPTOR already defined in libcurl_imp.lib(LIBCURL.dll); second definition ignored
pthreadVCE2.lib(pthreadVCE2.dll) : warning LNK4006: __NULL_IMPORT_DESCRIPTOR already defined in libcurl_imp.lib(LIBCURL.dll); second definition ignored
SDL2.lib(SDL2.dll) : warning LNK4006: __NULL_IMPORT_DESCRIPTOR already defined in libcurl_imp.lib(LIBCURL.dll); second definition ignored
  oxygine.vcxproj -> H:\Github\exValide2\my_awesome_game\project\proj.win32\Debug_v141_xp\oxygine_d.lib
